<?xml version="1.0" encoding="UTF-8"?>
<!-- Generated by org.testng.reporters.JUnitXMLReporter -->
<testsuite hostname="Nigaras-MacBook-Pro.local" ignored="0" name="Smoke test using Chrome" tests="2" failures="0" timestamp="21 Sep 2017 19:58:34 GMT" time="0.063" errors="0">
  <testcase name="@BeforeMethod setUpTests" time="0.0" classname="com.prestashop.tests.login.PositiveSignInTests">
    <failure type="org.testng.TestNGException" message="
Parameter &amp;apos;browser&amp;apos; is required by BeforeMethod on method setUpTests but has not been marked @Optional or defined
in /Users/nigarasawirdin/Documents/workspace/PrestaShop_TestNGXML/regression.xml">
      <![CDATA[org.testng.TestNGException: 
Parameter 'browser' is required by BeforeMethod on method setUpTests but has not been marked @Optional or defined
in /Users/nigarasawirdin/Documents/workspace/PrestaShop_TestNGXML/regression.xml
	at java.util.concurrent.FutureTask.run(FutureTask.java:266)
	at java.util.concurrent.ThreadPoolExecutor.runWorker(ThreadPoolExecutor.java:1142)
	at java.util.concurrent.ThreadPoolExecutor$Worker.run(ThreadPoolExecutor.java:617)
	at java.lang.Thread.run(Thread.java:748)
... Removed 16 stack frames]]>
    </failure>
  </testcase> <!-- @BeforeMethod setUpTests -->
  <testcase name="@AfterMethod tearDown" time="0.0" classname="com.prestashop.tests.login.PositiveSignInTests">
    <skipped/>
  </testcase> <!-- @AfterMethod tearDown -->
  <testcase name="@BeforeMethod setUpTests" time="0.0" classname="com.prestashop.tests.user_account.SimpleUserAccountTest">
    <failure type="org.testng.TestNGException" message="
Parameter &amp;apos;browser&amp;apos; is required by BeforeMethod on method setUpTests but has not been marked @Optional or defined
in /Users/nigarasawirdin/Documents/workspace/PrestaShop_TestNGXML/regression.xml">
      <![CDATA[org.testng.TestNGException: 
Parameter 'browser' is required by BeforeMethod on method setUpTests but has not been marked @Optional or defined
in /Users/nigarasawirdin/Documents/workspace/PrestaShop_TestNGXML/regression.xml
	at java.util.concurrent.FutureTask.run(FutureTask.java:266)
	at java.util.concurrent.ThreadPoolExecutor.runWorker(ThreadPoolExecutor.java:1142)
	at java.util.concurrent.ThreadPoolExecutor$Worker.run(ThreadPoolExecutor.java:617)
	at java.lang.Thread.run(Thread.java:748)
... Removed 16 stack frames]]>
    </failure>
  </testcase> <!-- @BeforeMethod setUpTests -->
  <testcase name="@AfterMethod tearDown" time="0.0" classname="com.prestashop.tests.user_account.SimpleUserAccountTest">
    <skipped/>
  </testcase> <!-- @AfterMethod tearDown -->
  <testcase name="rightCredentialsTest" time="0.001" classname="com.prestashop.tests.login.PositiveSignInTests">
    <skipped/>
  </testcase> <!-- rightCredentialsTest -->
  <testcase name="rightCredentialsTest" time="0.0" classname="com.prestashop.tests.user_account.SimpleUserAccountTest">
    <skipped/>
  </testcase> <!-- rightCredentialsTest -->
</testsuite> <!-- Smoke test using Chrome -->
